<?xml version="1.0" encoding="UTF-8"?>
<testsuite xmlns:xsi="http://www.w3.org/2001/XMLSchema-instance" xsi:noNamespaceSchemaLocation="https://maven.apache.org/surefire/maven-surefire-plugin/xsd/surefire-test-report-3.0.xsd" version="3.0" name="com.vms.service.AuthServiceTest" time="0.452" tests="4" errors="0" skipped="0" failures="0">
  <properties>
[...]
</properties>
  <testcase name="registerShouldFailWhenEmailAlreadyExists" classname="com.vms.service.AuthServiceTest" time="0.342"/>
  <testcase name="loginShouldAuthenticateAndReturnAuthResponse" classname="com.vms.service.AuthServiceTest" time="0.042">
    <system-out><![CDATA[18:05:19.707 [main] INFO com.vms.service.AuthService -- User login@example.com logged in successfully
18:05:19.714 [main] INFO com.vms.service.AuthService -- Generated token for user login@example.com: eyJhbGciOiJIUzI1NiJ9.eyJzdWIiOiJsb2dpbkBleGFtcGxlLmNvbSIsImlhdCI6MTc4MzE2ODUxOSwiZXhwIjoxNzgzMTcyMTE5fQ.NvVMSJELJnlBS1RrygLLMRQSBCapnakkkJ6MFy-90h0
]]></system-out>
  </testcase>
  <testcase name="loginShouldFailWhenUserNotFound" classname="com.vms.service.AuthServiceTest" time="0.011"/>
  <testcase name="registerShouldSaveUserAndReturnAuthResponse" classname="com.vms.service.AuthServiceTest" time="0.021">
    <system-out><![CDATA[18:05:19.754 [main] INFO com.vms.service.AuthService -- User user@example.com registered successfully
18:05:19.755 [main] INFO com.vms.service.AuthService -- Generated token for user user@example.com: eyJhbGciOiJIUzI1NiJ9.eyJzdWIiOiJ1c2VyQGV4YW1wbGUuY29tIiwiaWF0IjoxNzgzMTY4NTE5LCJleHAiOjE3ODMxNzIxMTl9.8nNkFq8grR9xtiL-f2enaLwb16fUEo7EI75x-HWsG54
]]></system-out>
  </testcase>
</testsuite>